[23-10-2024 01:30:37] [Usuario WTK] error: File: C:\xampp\htdocs\SatoriAsianCuisine\controllers\core\MySqlConnect.php - line: 109 - Message: Unknown column 'Principal' in 'field list'
 [23-10-2024 01:31:42] [Usuario WTK] error: File: C:\xampp\htdocs\SatoriAsianCuisine\controllers\core\MySqlConnect.php - line: 109 - Message: Unknown column 'Principal' in 'field list'
 [23-10-2024 01:33:05] [Usuario WTK] error: File: C:\xampp\htdocs\SatoriAsianCuisine\controllers\core\MySqlConnect.php - line: 109 - Message: Unknown column 'Entrada' in 'field list'
 [23-10-2024 04:49:09] [Usuario WTK] error: File: C:\xampp\htdocs\SatoriAsianCuisine\controllers\core\MySqlConnect.php - line: 29 - Message: No connection could be made because the target machine actively refused it
 [23-10-2024 04:49:12] [Usuario WTK] error: File: C:\xampp\htdocs\SatoriAsianCuisine\controllers\core\MySqlConnect.php - line: 29 - Message: No connection could be made because the target machine actively refused it
 [23-10-2024 04:49:12] [Usuario WTK] error: File: C:\xampp\htdocs\SatoriAsianCuisine\controllers\core\MySqlConnect.php - line: 29 - Message: No connection could be made because the target machine actively refused it
 [23-10-2024 04:49:13] [Usuario WTK] error: File: C:\xampp\htdocs\SatoriAsianCuisine\controllers\core\MySqlConnect.php - line: 29 - Message: No connection could be made because the target machine actively refused it
 [23-10-2024 04:49:16] [Usuario WTK] error: File: C:\xampp\htdocs\SatoriAsianCuisine\controllers\core\MySqlConnect.php - line: 29 - Message: No connection could be made because the target machine actively refused it
 [23-10-2024 04:49:17] [Usuario WTK] error: File: C:\xampp\htdocs\SatoriAsianCuisine\controllers\core\MySqlConnect.php - line: 29 - Message: No connection could be made because the target machine actively refused it
 [23-10-2024 04:49:18] [Usuario WTK] error: File: C:\xampp\htdocs\SatoriAsianCuisine\controllers\core\MySqlConnect.php - line: 29 - Message: No connection could be made because the target machine actively refused it
 [23-10-2024 04:52:06] [Usuario WTK] error: File: C:\xampp\htdocs\SatoriAsianCuisine\controllers\core\MySqlConnect.php - line: 29 - Message: No connection could be made because the target machine actively refused it
 [23-10-2024 04:52:09] [Usuario WTK] error: File: C:\xampp\htdocs\SatoriAsianCuisine\controllers\core\MySqlConnect.php - line: 29 - Message: No connection could be made because the target machine actively refused it
 [23-10-2024 04:52:10] [Usuario WTK] error: File: C:\xampp\htdocs\SatoriAsianCuisine\controllers\core\MySqlConnect.php - line: 29 - Message: No connection could be made because the target machine actively refused it
 [23-10-2024 04:52:54] [Usuario WTK] error: File: C:\xampp\htdocs\SatoriAsianCuisine\controllers\core\MySqlConnect.php - line: 29 - Message: No connection could be made because the target machine actively refused it
 [23-10-2024 04:52:59] [Usuario WTK] error: File: C:\xampp\htdocs\SatoriAsianCuisine\controllers\core\MySqlConnect.php - line: 29 - Message: No connection could be made because the target machine actively refused it
 [23-10-2024 04:52:59] [Usuario WTK] error: File: C:\xampp\htdocs\SatoriAsianCuisine\controllers\core\MySqlConnect.php - line: 29 - Message: No connection could be made because the target machine actively refused it
 [23-10-2024 04:53:00] [Usuario WTK] error: File: C:\xampp\htdocs\SatoriAsianCuisine\controllers\core\MySqlConnect.php - line: 29 - Message: No connection could be made because the target machine actively refused it
 [23-10-2024 04:53:03] [Usuario WTK] error: File: C:\xampp\htdocs\SatoriAsianCuisine\controllers\core\MySqlConnect.php - line: 29 - Message: No connection could be made because the target machine actively refused it
 [23-10-2024 04:53:04] [Usuario WTK] error: File: C:\xampp\htdocs\SatoriAsianCuisine\controllers\core\MySqlConnect.php - line: 29 - Message: No connection could be made because the target machine actively refused it
 [23-10-2024 04:53:06] [Usuario WTK] error: File: C:\xampp\htdocs\SatoriAsianCuisine\controllers\core\MySqlConnect.php - line: 29 - Message: No connection could be made because the target machine actively refused it
 [23-10-2024 04:53:07] [Usuario WTK] error: File: C:\xampp\htdocs\SatoriAsianCuisine\controllers\core\MySqlConnect.php - line: 29 - Message: No connection could be made because the target machine actively refused it
 [23-10-2024 04:53:09] [Usuario WTK] error: File: C:\xampp\htdocs\SatoriAsianCuisine\controllers\core\MySqlConnect.php - line: 29 - Message: No connection could be made because the target machine actively refused it
 [23-10-2024 04:53:11] [Usuario WTK] error: File: C:\xampp\htdocs\SatoriAsianCuisine\controllers\core\MySqlConnect.php - line: 29 - Message: No connection could be made because the target machine actively refused it
 [23-10-2024 04:53:11] [Usuario WTK] error: File: C:\xampp\htdocs\SatoriAsianCuisine\controllers\core\MySqlConnect.php - line: 29 - Message: No connection could be made because the target machine actively refused it
 [23-10-2024 04:53:13] [Usuario WTK] error: File: C:\xampp\htdocs\SatoriAsianCuisine\controllers\core\MySqlConnect.php - line: 29 - Message: No connection could be made because the target machine actively refused it
 [23-10-2024 06:29:30] [Usuario WTK] error: File: C:\xampp\htdocs\SatoriAsianCuisine\controllers\core\MySqlConnect.php - line: 109 - Message: Unknown column 'Principal' in 'field list'
 [23-10-2024 06:30:07] [Usuario WTK] error: File: C:\xampp\htdocs\SatoriAsianCuisine\controllers\core\MySqlConnect.php - line: 109 - Message: Unknown column 'Principal' in 'field list'
 [23-10-2024 06:32:51] [Usuario WTK] error: File: C:\xampp\htdocs\SatoriAsianCuisine\controllers\core\MySqlConnect.php - line: 109 - Message: Unknown column 'Principal' in 'field list'
 [23-10-2024 06:35:40] [Usuario WTK] error: File: C:\xampp\htdocs\SatoriAsianCuisine\controllers\core\MySqlConnect.php - line: 109 - Message: Unknown column 'Principal' in 'field list'
 [23-10-2024 06:37:30] [Usuario WTK] error: File: C:\xampp\htdocs\SatoriAsianCuisine\controllers\core\MySqlConnect.php - line: 109 - Message: Unknown column 'Principal' in 'field list'
 [23-10-2024 06:45:10] [Usuario WTK] error: File: C:\xampp\htdocs\SatoriAsianCuisine\controllers\core\MySqlConnect.php - line: 109 - Message: Duplicate entry 'sebas' for key 'producto.nombre'
 [23-10-2024 06:46:45] [Usuario WTK] error: File: C:\xampp\htdocs\SatoriAsianCuisine\controllers\core\MySqlConnect.php - line: 109 - Message: Duplicate entry 'sebas' for key 'producto.nombre'
 [23-10-2024 07:00:05] [Usuario WTK] error: File: C:\xampp\htdocs\SatoriAsianCuisine\controllers\core\MySqlConnect.php - line: 109 - Message: Duplicate entry 'sebas' for key 'producto.nombre'
 [23-10-2024 07:19:58] [Usuario WTK] error: File: C:\xampp\htdocs\SatoriAsianCuisine\controllers\core\MySqlConnect.php - line: 109 - Message: Duplicate entry 'Sushi2' for key 'producto.nombre'
 [23-10-2024 07:19:58] [Usuario WTK] error: File: C:\xampp\htdocs\SatoriAsianCuisine\controllers\core\MySqlConnect.php - line: 109 - Message: Duplicate entry 'Sushi2' for key 'producto.nombre'
 [23-10-2024 07:19:59] [Usuario WTK] error: File: C:\xampp\htdocs\SatoriAsianCuisine\controllers\core\MySqlConnect.php - line: 109 - Message: Duplicate entry 'Sushi2' for key 'producto.nombre'
 [23-10-2024 07:19:59] [Usuario WTK] error: File: C:\xampp\htdocs\SatoriAsianCuisine\controllers\core\MySqlConnect.php - line: 109 - Message: Duplicate entry 'Sushi2' for key 'producto.nombre'
 [23-10-2024 07:35:31] [Usuario WTK] error: File: C:\xampp\htdocs\SatoriAsianCuisine\controllers\core\MySqlConnect.php - line: 109 - Message: Duplicate entry 'sebas' for key 'producto.nombre'
 [23-10-2024 07:35:36] [Usuario WTK] error: File: C:\xampp\htdocs\SatoriAsianCuisine\controllers\core\MySqlConnect.php - line: 109 - Message: Duplicate entry 'sebas' for key 'producto.nombre'
 [23-10-2024 07:35:37] [Usuario WTK] error: File: C:\xampp\htdocs\SatoriAsianCuisine\controllers\core\MySqlConnect.php - line: 109 - Message: Duplicate entry 'sebas' for key 'producto.nombre'
 [23-10-2024 07:35:37] [Usuario WTK] error: File: C:\xampp\htdocs\SatoriAsianCuisine\controllers\core\MySqlConnect.php - line: 109 - Message: Duplicate entry 'sebas' for key 'producto.nombre'
 [23-10-2024 07:35:37] [Usuario WTK] error: File: C:\xampp\htdocs\SatoriAsianCuisine\controllers\core\MySqlConnect.php - line: 109 - Message: Duplicate entry 'sebas' for key 'producto.nombre'
 [23-10-2024 07:35:37] [Usuario WTK] error: File: C:\xampp\htdocs\SatoriAsianCuisine\controllers\core\MySqlConnect.php - line: 109 - Message: Duplicate entry 'sebas' for key 'producto.nombre'
 [23-10-2024 07:35:38] [Usuario WTK] error: File: C:\xampp\htdocs\SatoriAsianCuisine\controllers\core\MySqlConnect.php - line: 109 - Message: Duplicate entry 'sebas' for key 'producto.nombre'
 